# JRE version: OpenJDK Runtime Environment Microsoft-8035246 (17.0.8+7) (build 17.0.8+7-LTS)
# Java VM: OpenJDK 64-Bit Server VM Microsoft-8035246 (17.0.8+7-LTS, mixed mode, sharing, tiered, compressed oops, compressed class ptrs, g1 gc, windows-amd64)
GC Precious Log:
 CPUs: 8 total, 8 available
 Memory: 16265M
 Large Page Support: Disabled
 NUMA Support: Disabled
 Compressed Oops: Enabled (32-bit)
 Heap Region Size: 1M
 Heap Min Capacity: 8M
 Heap Initial Capacity: 256M
 Heap Max Capacity: 2G
 Pre-touch: Disabled
 Parallel Workers: 8
 Concurrent Workers: 2
 Concurrent Refinement Workers: 8
 Periodic GC: Disabled
Heap:
 garbage-first heap   total 256000K, used 187514K [0x0000000080000000, 0x0000000100000000)
  region size 1024K, 25 young (25600K), 3 survivors (3072K)
 Metaspace       used 103789K, committed 104832K, reserved 557056K
  class space    used 14494K, committed 14976K, reserved 425984K
GC Heap History (20 events):
Event: 45.625 GC heap before
{Heap before GC invocations=51 (full 0):
 garbage-first heap   total 177152K, used 149633K [0x0000000080000000, 0x0000000100000000)
  region size 1024K, 15 young (15360K), 3 survivors (3072K)
 Metaspace       used 93979K, committed 94848K, reserved 557056K
  class space    used 13281K, committed 13696K, reserved 425984K
}
Event: 45.630 GC heap after
{Heap after GC invocations=52 (full 0):
 garbage-first heap   total 212992K, used 138821K [0x0000000080000000, 0x0000000100000000)
  region size 1024K, 1 young (1024K), 1 survivors (1024K)
 Metaspace       used 93979K, committed 94848K, reserved 557056K
  class space    used 13281K, committed 13696K, reserved 425984K
}
Event: 46.323 GC heap before
{Heap before GC invocations=52 (full 0):
 garbage-first heap   total 212992K, used 173637K [0x0000000080000000, 0x0000000100000000)
  region size 1024K, 35 young (35840K), 1 survivors (1024K)
 Metaspace       used 95264K, committed 96128K, reserved 557056K
  class space    used 13435K, committed 13824K, reserved 425984K
}
Event: 46.329 GC heap after
{Heap after GC invocations=53 (full 0):
 garbage-first heap   total 212992K, used 141635K [0x0000000080000000, 0x0000000100000000)
  region size 1024K, 4 young (4096K), 4 survivors (4096K)
 Metaspace       used 95264K, committed 96128K, reserved 557056K
  class space    used 13435K, committed 13824K, reserved 425984K
}
Event: 46.975 GC heap before
{Heap before GC invocations=53 (full 0):
 garbage-first heap   total 212992K, used 175427K [0x0000000080000000, 0x0000000100000000)
  region size 1024K, 37 young (37888K), 4 survivors (4096K)
 Metaspace       used 97888K, committed 98816K, reserved 557056K
  class space    used 13856K, committed 14336K, reserved 425984K
}
Event: 46.984 GC heap after
{Heap after GC invocations=54 (full 0):
 garbage-first heap   total 212992K, used 143312K [0x0000000080000000, 0x0000000100000000)
  region size 1024K, 2 young (2048K), 2 survivors (2048K)
 Metaspace       used 97888K, committed 98816K, reserved 557056K
  class space    used 13856K, committed 14336K, reserved 425984K
}
Event: 47.772 GC heap before
{Heap before GC invocations=54 (full 0):
 garbage-first heap   total 212992K, used 178128K [0x0000000080000000, 0x0000000100000000)
  region size 1024K, 36 young (36864K), 2 survivors (2048K)
 Metaspace       used 100665K, committed 101568K, reserved 557056K
  class space    used 14154K, committed 14592K, reserved 425984K
}
Event: 47.778 GC heap after
{Heap after GC invocations=55 (full 0):
 garbage-first heap   total 212992K, used 145958K [0x0000000080000000, 0x0000000100000000)
  region size 1024K, 5 young (5120K), 5 survivors (5120K)
 Metaspace       used 100665K, committed 101568K, reserved 557056K
  class space    used 14154K, committed 14592K, reserved 425984K
}
Event: 48.200 GC heap before
{Heap before GC invocations=55 (full 0):
 garbage-first heap   total 212992K, used 178726K [0x0000000080000000, 0x0000000100000000)
  region size 1024K, 37 young (37888K), 5 survivors (5120K)
 Metaspace       used 102100K, committed 103040K, reserved 557056K
  class space    used 14342K, committed 14848K, reserved 425984K
}
Event: 48.208 GC heap after
{Heap after GC invocations=56 (full 0):
 garbage-first heap   total 212992K, used 148822K [0x0000000080000000, 0x0000000100000000)
  region size 1024K, 4 young (4096K), 4 survivors (4096K)
 Metaspace       used 102100K, committed 103040K, reserved 557056K
  class space    used 14342K, committed 14848K, reserved 425984K
}
Event: 48.667 GC heap before
{Heap before GC invocations=56 (full 0):
 garbage-first heap   total 212992K, used 179542K [0x0000000080000000, 0x0000000100000000)
  region size 1024K, 34 young (34816K), 4 survivors (4096K)
 Metaspace       used 102472K, committed 103488K, reserved 557056K
  class space    used 14364K, committed 14848K, reserved 425984K
}
Event: 48.675 GC heap after
{Heap after GC invocations=57 (full 0):
 garbage-first heap   total 212992K, used 152270K [0x0000000080000000, 0x0000000100000000)
  region size 1024K, 4 young (4096K), 4 survivors (4096K)
 Metaspace       used 102472K, committed 103488K, reserved 557056K
  class space    used 14364K, committed 14848K, reserved 425984K
}
Event: 49.068 GC heap before
{Heap before GC invocations=57 (full 0):
 garbage-first heap   total 212992K, used 180942K [0x0000000080000000, 0x0000000100000000)
  region size 1024K, 32 young (32768K), 4 survivors (4096K)
 Metaspace       used 103136K, committed 104128K, reserved 557056K
  class space    used 14449K, committed 14912K, reserved 425984K
}
Event: 49.076 GC heap after
{Heap after GC invocations=58 (full 0):
 garbage-first heap   total 212992K, used 155454K [0x0000000080000000, 0x0000000100000000)
  region size 1024K, 4 young (4096K), 4 survivors (4096K)
 Metaspace       used 103136K, committed 104128K, reserved 557056K
  class space    used 14449K, committed 14912K, reserved 425984K
}
Event: 49.539 GC heap before
{Heap before GC invocations=58 (full 0):
 garbage-first heap   total 212992K, used 180030K [0x0000000080000000, 0x0000000100000000)
  region size 1024K, 29 young (29696K), 4 survivors (4096K)
 Metaspace       used 103363K, committed 104320K, reserved 557056K
  class space    used 14458K, committed 14912K, reserved 425984K
}
Event: 49.548 GC heap after
{Heap after GC invocations=59 (full 0):
 garbage-first heap   total 256000K, used 156951K [0x0000000080000000, 0x0000000100000000)
  region size 1024K, 2 young (2048K), 2 survivors (2048K)
 Metaspace       used 103363K, committed 104320K, reserved 557056K
  class space    used 14458K, committed 14912K, reserved 425984K
}
Event: 50.147 GC heap before
{Heap before GC invocations=59 (full 0):
 garbage-first heap   total 256000K, used 213271K [0x0000000080000000, 0x0000000100000000)
  region size 1024K, 58 young (59392K), 2 survivors (2048K)
 Metaspace       used 103779K, committed 104768K, reserved 557056K
  class space    used 14494K, committed 14976K, reserved 425984K
}
Event: 50.155 GC heap after
{Heap after GC invocations=60 (full 0):
 garbage-first heap   total 256000K, used 163153K [0x0000000080000000, 0x0000000100000000)
  region size 1024K, 8 young (8192K), 8 survivors (8192K)
 Metaspace       used 103779K, committed 104768K, reserved 557056K
  class space    used 14494K, committed 14976K, reserved 425984K
}
Event: 50.828 GC heap before
{Heap before GC invocations=60 (full 0):
 garbage-first heap   total 256000K, used 212305K [0x0000000080000000, 0x0000000100000000)
  region size 1024K, 57 young (58368K), 8 survivors (8192K)
 Metaspace       used 103786K, committed 104832K, reserved 557056K
  class space    used 14494K, committed 14976K, reserved 425984K
}
Event: 50.836 GC heap after
{Heap after GC invocations=61 (full 0):
 garbage-first heap   total 256000K, used 166010K [0x0000000080000000, 0x0000000100000000)
  region size 1024K, 3 young (3072K), 3 survivors (3072K)
 Metaspace       used 103786K, committed 104832K, reserved 557056K
  class space    used 14494K, committed 14976K, reserved 425984K
}

